c:\users\kazut\source\repos\inputform\inputform\x64\release\vc143.pdb
c:\users\kazut\source\repos\inputform\inputform\x64\release\imgui_widgets.obj
c:\users\kazut\source\repos\inputform\inputform\x64\release\imgui_tables.obj
c:\users\kazut\source\repos\inputform\inputform\x64\release\imgui_draw.obj
c:\users\kazut\source\repos\inputform\inputform\x64\release\imgui_demo.obj
c:\users\kazut\source\repos\inputform\inputform\x64\release\imgui.obj
c:\users\kazut\source\repos\inputform\inputform\x64\release\imgui_impl_opengl3.obj
c:\users\kazut\source\repos\inputform\inputform\x64\release\imgui_impl_opengl2.obj
c:\users\kazut\source\repos\inputform\inputform\x64\release\imgui_impl_glfw.obj
c:\users\kazut\source\repos\inputform\inputform\x64\release\imguifiledialog.obj
c:\users\kazut\source\repos\inputform\inputform\x64\release\main.obj
c:\users\kazut\source\repos\inputform\x64\release\inputform.lib
c:\users\kazut\source\repos\inputform\x64\release\inputform.exp
c:\users\kazut\source\repos\inputform\x64\release\inputform.exe
c:\users\kazut\source\repos\inputform\x64\release\inputform.pdb
c:\users\kazut\source\repos\inputform\inputform\x64\release\inputform.iobj
c:\users\kazut\source\repos\inputform\inputform\x64\release\inputform.tlog\cl.command.1.tlog
c:\users\kazut\source\repos\inputform\inputform\x64\release\inputform.tlog\cl.items.tlog
c:\users\kazut\source\repos\inputform\inputform\x64\release\inputform.tlog\cl.read.1.tlog
c:\users\kazut\source\repos\inputform\inputform\x64\release\inputform.tlog\cl.write.1.tlog
c:\users\kazut\source\repos\inputform\inputform\x64\release\inputform.tlog\link.command.1.tlog
c:\users\kazut\source\repos\inputform\inputform\x64\release\inputform.tlog\link.read.1.tlog
c:\users\kazut\source\repos\inputform\inputform\x64\release\inputform.tlog\link.write.1.tlog
c:\users\kazut\source\repos\inputform\inputform\x64\release\inputform.tlog\link.write.2u.tlog
