  main.cpp
  imgui_impl_allegro5.cpp
C:\Users\kazut\source\repos\InputForm\InputForm\vendor\imgui\backends\imgui_impl_allegro5.cpp(53,10): fatal  error C1083: Cannot open include file: 'imgui.h': No such file or directory
  imgui_impl_android.cpp
C:\Users\kazut\source\repos\InputForm\InputForm\vendor\imgui\backends\imgui_impl_android.cpp(32,10): fatal  error C1083: Cannot open include file: 'imgui.h': No such file or directory
  imgui_impl_dx10.cpp
C:\Users\kazut\source\repos\InputForm\InputForm\vendor\imgui\backends\imgui_impl_dx10.cpp(35,10): fatal  error C1083: Cannot open include file: 'imgui.h': No such file or directory
  imgui_impl_dx11.cpp
C:\Users\kazut\source\repos\InputForm\InputForm\vendor\imgui\backends\imgui_impl_dx11.cpp(36,10): fatal  error C1083: Cannot open include file: 'imgui.h': No such file or directory
  imgui_impl_dx12.cpp
C:\Users\kazut\source\repos\InputForm\InputForm\vendor\imgui\backends\imgui_impl_dx12.cpp(44,10): fatal  error C1083: Cannot open include file: 'imgui.h': No such file or directory
  imgui_impl_dx9.cpp
C:\Users\kazut\source\repos\InputForm\InputForm\vendor\imgui\backends\imgui_impl_dx9.cpp(37,10): fatal  error C1083: Cannot open include file: 'imgui.h': No such file or directory
  imgui_impl_glfw.cpp
C:\Users\kazut\source\repos\InputForm\InputForm\vendor\imgui\backends\imgui_impl_glfw.cpp(71,10): fatal  error C1083: Cannot open include file: 'imgui.h': No such file or directory
  imgui_impl_glut.cpp
C:\Users\kazut\source\repos\InputForm\InputForm\vendor\imgui\backends\imgui_impl_glut.cpp(37,10): fatal  error C1083: Cannot open include file: 'imgui.h': No such file or directory
  imgui_impl_opengl2.cpp
C:\Users\kazut\source\repos\InputForm\InputForm\vendor\imgui\backends\imgui_impl_opengl2.cpp(42,10): fatal  error C1083: Cannot open include file: 'imgui.h': No such file or directory
  imgui_impl_opengl3.cpp
C:\Users\kazut\source\repos\InputForm\InputForm\vendor\imgui\backends\imgui_impl_opengl3.cpp(110,10): fatal  error C1083: Cannot open include file: 'imgui.h': No such file or directory
  imgui_impl_sdl2.cpp
C:\Users\kazut\source\repos\InputForm\InputForm\vendor\imgui\backends\imgui_impl_sdl2.cpp(79,10): fatal  error C1083: Cannot open include file: 'imgui.h': No such file or directory
  imgui_impl_sdl3.cpp
C:\Users\kazut\source\repos\InputForm\InputForm\vendor\imgui\backends\imgui_impl_sdl3.cpp(32,10): fatal  error C1083: Cannot open include file: 'imgui.h': No such file or directory
  imgui_impl_sdlrenderer2.cpp
C:\Users\kazut\source\repos\InputForm\InputForm\vendor\imgui\backends\imgui_impl_sdlrenderer2.cpp(30,10): fatal  error C1083: Cannot open include file: 'imgui.h': No such file or directory
  imgui_impl_sdlrenderer3.cpp
C:\Users\kazut\source\repos\InputForm\InputForm\vendor\imgui\backends\imgui_impl_sdlrenderer3.cpp(25,10): fatal  error C1083: Cannot open include file: 'imgui.h': No such file or directory
  imgui_impl_vulkan.cpp
C:\Users\kazut\source\repos\InputForm\InputForm\vendor\imgui\backends\imgui_impl_vulkan.cpp(72,10): fatal  error C1083: Cannot open include file: 'imgui.h': No such file or directory
  imgui_impl_wgpu.cpp
C:\Users\kazut\source\repos\InputForm\InputForm\vendor\imgui\backends\imgui_impl_wgpu.cpp(34,10): fatal  error C1083: Cannot open include file: 'imgui.h': No such file or directory
  imgui_impl_win32.cpp
C:\Users\kazut\source\repos\InputForm\InputForm\vendor\imgui\backends\imgui_impl_win32.cpp(19,10): fatal  error C1083: Cannot open include file: 'imgui.h': No such file or directory
  imgui.cpp
  imgui_demo.cpp
  Generating Code...
  Compiling...
  imgui_draw.cpp
  imgui_tables.cpp
  imgui_widgets.cpp
  Generating Code...
